This file contains any messages produced by compilers while
running configure, to aid debugging if configure makes a mistake.

It was created by tinydtls configure 0.3.0, which was
generated by GNU Autoconf 2.65.  Invocation command line was

  $ ./configure --with-contiki

## --------- ##
## Platform. ##
## --------- ##

hostname = vladislav-laptop
uname -m = x86_64
uname -r = 2.6.35-30-generic
uname -s = Linux
uname -v = #61~lucid1-Ubuntu SMP Thu Oct 13 19:29:42 UTC 2011

/usr/bin/uname -p = unknown
/bin/uname -X     = unknown

/bin/arch              = unknown
/usr/bin/arch -k       = unknown
/usr/convex/getsysinfo = unknown
/usr/bin/hostinfo      = unknown
/bin/machine           = unknown
/usr/bin/oslevel       = unknown
/bin/universe          = unknown

PATH: /usr/local/sbin
PATH: /usr/local/bin
PATH: /usr/sbin
PATH: /usr/bin
PATH: /sbin
PATH: /bin
PATH: /usr/games
PATH: /usr/local/Isabelle/bin
PATH: /media/DATA/JUB/Adv_Networking/lab/lab5/ns-allinone-2.34/bin
PATH: /media/DATA/JUB/Adv_Networking/lab/lab5/ns-allinone-2.34/tcl8.4.18/unix
PATH: /media/DATA/JUB/Adv_Networking/lab/lab5/ns-allinone-2.34/tk8.4.18/unix


## ----------- ##
## Core tests. ##
## ----------- ##

configure:2126: Contiki build prepared

## ---------------- ##
## Cache variables. ##
## ---------------- ##

ac_cv_env_CC_set=
ac_cv_env_CC_value=
ac_cv_env_CFLAGS_set=
ac_cv_env_CFLAGS_value=
ac_cv_env_CPPFLAGS_set=
ac_cv_env_CPPFLAGS_value=
ac_cv_env_CPP_set=
ac_cv_env_CPP_value=
ac_cv_env_LDFLAGS_set=
ac_cv_env_LDFLAGS_value=
ac_cv_env_LIBS_set=
ac_cv_env_LIBS_value=
ac_cv_env_build_alias_set=
ac_cv_env_build_alias_value=
ac_cv_env_host_alias_set=
ac_cv_env_host_alias_value=
ac_cv_env_target_alias_set=
ac_cv_env_target_alias_value=

## ----------------- ##
## Output variables. ##
## ----------------- ##

CC=''
CFLAGS=''
CPP=''
CPPFLAGS=''
DEFS=''
DOXYGEN=''
ECHO_C=''
ECHO_N='-n'
ECHO_T=''
EGREP=''
ETAGS=''
EXEEXT=''
GREP=''
LDFLAGS=''
LIBOBJS=''
LIBS=''
LTLIBOBJS=''
OBJEXT=''
OPT_OBJS=''
PACKAGE_BUGREPORT=''
PACKAGE_NAME='tinydtls'
PACKAGE_STRING='tinydtls 0.3.0'
PACKAGE_TARNAME='tinydtls'
PACKAGE_URL=''
PACKAGE_VERSION='0.3.0'
PATH_SEPARATOR=':'
RANLIB=''
SET_MAKE=''
SHELL='/bin/bash'
ac_ct_CC=''
bindir='${exec_prefix}/bin'
build_alias=''
datadir='${datarootdir}'
datarootdir='${prefix}/share'
docdir='${datarootdir}/doc/${PACKAGE_TARNAME}'
dvidir='${docdir}'
exec_prefix='NONE'
host_alias=''
htmldir='${docdir}'
includedir='${prefix}/include'
infodir='${datarootdir}/info'
libdir='${exec_prefix}/lib'
libexecdir='${exec_prefix}/libexec'
localedir='${datarootdir}/locale'
localstatedir='${prefix}/var'
mandir='${datarootdir}/man'
oldincludedir='/usr/include'
pdfdir='${docdir}'
prefix='NONE'
program_transform_name='s,x,x,'
psdir='${docdir}'
sbindir='${exec_prefix}/sbin'
sharedstatedir='${prefix}/com'
sysconfdir='${prefix}/etc'
target_alias=''

## ----------- ##
## confdefs.h. ##
## ----------- ##

/* confdefs.h */
#define PACKAGE_NAME "tinydtls"
#define PACKAGE_TARNAME "tinydtls"
#define PACKAGE_VERSION "0.3.0"
#define PACKAGE_STRING "tinydtls 0.3.0"
#define PACKAGE_BUGREPORT ""
#define PACKAGE_URL ""

configure: exit 0
